<?xml version="1.0" encoding="UTF-8"?>
<!-- Generated by org.testng.reporters.JUnitReportReporter -->
<testsuite hostname="WIN-NP5128" name="Tmall_One.Get_mall.ParallelClassesTestTWO" tests="1" failures="1" timestamp="7 Nov 2015 07:42:23 GMT" time="9558.750" errors="0">
  <testcase name="testMethodOne" time="9558.750" classname="Tmall_One.Get_mall.ParallelClassesTestTWO">
    <failure type="org.openqa.selenium.WebDriverException" message="An unknown server-side error occurred while processing the command. (WARNING: The server did not provide any stacktrace information)
Command duration or timeout: 2 milliseconds
Build info: version: &#039;2.44.0&#039;, revision: &#039;76d78cf&#039;, time: &#039;2014-10-23 20:02:37&#039;
System info: host: &#039;WIN-NP5128&#039;, ip: &#039;192.168.2.100&#039;, os.name: &#039;Windows 7&#039;, os.arch: &#039;amd64&#039;, os.version: &#039;6.1&#039;, java.version: &#039;1.7.0_17&#039;
Session ID: 1f817370-c7b4-4513-b570-742642a8bce8
Driver info: io.appium.java_client.android.AndroidDriver
Capabilities [{platform=LINUX, javascriptEnabled=true, appActivity=com.taobao.tao.welcome.Welcome, browserName=Android, networkConnectionEnabled=true, udid=192.168.153.102:5555, desired={platformVersion=4.4, deviceName=192.168.153.102:5555, platformName=Android, appActivity=com.taobao.tao.welcome.Welcome, device=Android, udid=192.168.153.102:5555, appPackage=com.taobao.taobao}, locationContextEnabled=false, appPackage=com.taobao.taobao, platformVersion=4.4.4, databaseEnabled=false, platformName=Android, deviceName=192.168.153.102:5555, webStorageEnabled=false, device=Android, warnings={}, takesScreenshot=true}]">
      <![CDATA[org.openqa.selenium.WebDriverException: An unknown server-side error occurred while processing the command. (WARNING: The server did not provide any stacktrace information)
Command duration or timeout: 2 milliseconds
Build info: version: '2.44.0', revision: '76d78cf', time: '2014-10-23 20:02:37'
System info: host: 'WIN-NP5128', ip: '192.168.2.100', os.name: 'Windows 7', os.arch: 'amd64', os.version: '6.1', java.version: '1.7.0_17'
Session ID: 1f817370-c7b4-4513-b570-742642a8bce8
Driver info: io.appium.java_client.android.AndroidDriver
Capabilities [{platform=LINUX, javascriptEnabled=true, appActivity=com.taobao.tao.welcome.Welcome, browserName=Android, networkConnectionEnabled=true, udid=192.168.153.102:5555, desired={platformVersion=4.4, deviceName=192.168.153.102:5555, platformName=Android, appActivity=com.taobao.tao.welcome.Welcome, device=Android, udid=192.168.153.102:5555, appPackage=com.taobao.taobao}, locationContextEnabled=false, appPackage=com.taobao.taobao, platformVersion=4.4.4, databaseEnabled=false, platformName=Android, deviceName=192.168.153.102:5555, webStorageEnabled=false, device=Android, warnings={}, takesScreenshot=true}]
	at sun.reflect.NativeConstructorAccessorImpl.newInstance0(Native Method)
	at sun.reflect.NativeConstructorAccessorImpl.newInstance(NativeConstructorAccessorImpl.java:57)
	at sun.reflect.DelegatingConstructorAccessorImpl.newInstance(DelegatingConstructorAccessorImpl.java:45)
	at java.lang.reflect.Constructor.newInstance(Constructor.java:525)
	at org.openqa.selenium.remote.ErrorHandler.createThrowable(ErrorHandler.java:204)
	at org.openqa.selenium.remote.ErrorHandler.throwIfResponseFailed(ErrorHandler.java:156)
	at org.openqa.selenium.remote.RemoteWebDriver.execute(RemoteWebDriver.java:599)
	at io.appium.java_client.AppiumDriver.execute(AppiumDriver.java:180)
	at io.appium.java_client.AppiumDriver.performTouchAction(AppiumDriver.java:293)
	at io.appium.java_client.MultiTouchAction.perform(MultiTouchAction.java:74)
	at io.appium.java_client.AppiumDriver.tap(AppiumDriver.java:334)
	at Tmall_One.Get_mall.ParallelClasses.Case(ParallelClasses.java:33)
	at Tmall_One.Get_mall.ParallelClassesTestTWO.testMethodOne(ParallelClassesTestTWO.java:38)
	at sun.reflect.NativeMethodAccessorImpl.invoke0(Native Method)
	at sun.reflect.NativeMethodAccessorImpl.invoke(NativeMethodAccessorImpl.java:57)
	at sun.reflect.DelegatingMethodAccessorImpl.invoke(DelegatingMethodAccessorImpl.java:43)
	at java.lang.reflect.Method.invoke(Method.java:601)
	at org.testng.internal.MethodInvocationHelper.invokeMethod(MethodInvocationHelper.java:84)
	at org.testng.internal.Invoker.invokeMethod(Invoker.java:714)
	at org.testng.internal.Invoker.invokeTestMethod(Invoker.java:901)
	at org.testng.internal.Invoker.invokeTestMethods(Invoker.java:1231)
	at org.testng.internal.TestMethodWorker.invokeTestMethods(TestMethodWorker.java:127)
	at org.testng.internal.TestMethodWorker.run(TestMethodWorker.java:111)
	at org.testng.TestRunner.privateRun(TestRunner.java:767)
	at org.testng.TestRunner.run(TestRunner.java:617)
	at org.testng.SuiteRunner.runTest(SuiteRunner.java:334)
	at org.testng.SuiteRunner.access$000(SuiteRunner.java:37)
	at org.testng.SuiteRunner$SuiteWorker.run(SuiteRunner.java:368)
	at org.testng.internal.thread.ThreadUtil$2.call(ThreadUtil.java:64)
	at java.util.concurrent.FutureTask$Sync.innerRun(FutureTask.java:334)
	at java.util.concurrent.FutureTask.run(FutureTask.java:166)
	at java.util.concurrent.ThreadPoolExecutor.runWorker(ThreadPoolExecutor.java:1145)
	at java.util.concurrent.ThreadPoolExecutor$Worker.run(ThreadPoolExecutor.java:615)
	at java.lang.Thread.run(Thread.java:722)
]]>
    </failure>
  </testcase> <!-- testMethodOne -->
</testsuite> <!-- Tmall_One.Get_mall.ParallelClassesTestTWO -->
