<?xml version="1.0" encoding="UTF-8"?>
<!-- Generated by org.testng.reporters.JUnitReportReporter -->
<testsuite hostname="alibaba-103276N" name="Tmall_One.Get_mall.ParallelClassesTestTWO" tests="1" failures="1" timestamp="18 Dec 2015 10:40:01 GMT" time="0.001" errors="0">
  <testcase name="testMethodOne" time="0.001" classname="Tmall_One.Get_mall.ParallelClassesTestTWO">
    <failure type="org.openqa.selenium.SessionNotCreatedException" message="A new session could not be created. (Original error: Activity used to start app doesn&#039;t exist or cannot be launched! Make sure it exists and is a launchable activity) (WARNING: The server did not provide any stacktrace information)
Command duration or timeout: 4.57 seconds
Build info: version: &#039;2.44.0&#039;, revision: &#039;76d78cf&#039;, time: &#039;2014-10-23 20:02:37&#039;
System info: host: &#039;alibaba-103276N&#039;, ip: &#039;30.17.1.150&#039;, os.name: &#039;Windows 7&#039;, os.arch: &#039;amd64&#039;, os.version: &#039;6.1&#039;, java.version: &#039;1.8.0_65&#039;
Driver info: io.appium.java_client.android.AndroidDriver">
      <![CDATA[org.openqa.selenium.SessionNotCreatedException: A new session could not be created. (Original error: Activity used to start app doesn't exist or cannot be launched! Make sure it exists and is a launchable activity) (WARNING: The server did not provide any stacktrace information)
Command duration or timeout: 4.57 seconds
Build info: version: '2.44.0', revision: '76d78cf', time: '2014-10-23 20:02:37'
System info: host: 'alibaba-103276N', ip: '30.17.1.150', os.name: 'Windows 7', os.arch: 'amd64', os.version: '6.1', java.version: '1.8.0_65'
Driver info: io.appium.java_client.android.AndroidDriver
	at sun.reflect.NativeConstructorAccessorImpl.newInstance0(Native Method)
	at sun.reflect.NativeConstructorAccessorImpl.newInstance(NativeConstructorAccessorImpl.java:62)
	at sun.reflect.DelegatingConstructorAccessorImpl.newInstance(DelegatingConstructorAccessorImpl.java:45)
	at java.lang.reflect.Constructor.newInstance(Constructor.java:422)
	at org.openqa.selenium.remote.ErrorHandler.createThrowable(ErrorHandler.java:204)
	at org.openqa.selenium.remote.ErrorHandler.throwIfResponseFailed(ErrorHandler.java:156)
	at org.openqa.selenium.remote.RemoteWebDriver.execute(RemoteWebDriver.java:599)
	at io.appium.java_client.AppiumDriver.execute(AppiumDriver.java:180)
	at org.openqa.selenium.remote.RemoteWebDriver.startSession(RemoteWebDriver.java:240)
	at org.openqa.selenium.remote.RemoteWebDriver.<init>(RemoteWebDriver.java:126)
	at org.openqa.selenium.remote.RemoteWebDriver.<init>(RemoteWebDriver.java:153)
	at io.appium.java_client.AppiumDriver.<init>(AppiumDriver.java:109)
	at io.appium.java_client.android.AndroidDriver.<init>(AndroidDriver.java:39)
	at Tmall_One.Get_mall.ParallelClassesTestTWO.beforeClass(ParallelClassesTestTWO.java:36)
	at sun.reflect.NativeMethodAccessorImpl.invoke0(Native Method)
	at sun.reflect.NativeMethodAccessorImpl.invoke(NativeMethodAccessorImpl.java:62)
	at sun.reflect.DelegatingMethodAccessorImpl.invoke(DelegatingMethodAccessorImpl.java:43)
	at java.lang.reflect.Method.invoke(Method.java:497)
	at org.testng.internal.MethodInvocationHelper.invokeMethod(MethodInvocationHelper.java:84)
	at org.testng.internal.Invoker.invokeConfigurationMethod(Invoker.java:564)
	at org.testng.internal.Invoker.invokeConfigurations(Invoker.java:213)
	at org.testng.internal.Invoker.invokeConfigurations(Invoker.java:138)
	at org.testng.internal.TestMethodWorker.invokeBeforeClassMethods(TestMethodWorker.java:175)
	at org.testng.internal.TestMethodWorker.run(TestMethodWorker.java:107)
	at org.testng.TestRunner.privateRun(TestRunner.java:767)
	at org.testng.TestRunner.run(TestRunner.java:617)
	at org.testng.SuiteRunner.runTest(SuiteRunner.java:334)
	at org.testng.SuiteRunner.runSequentially(SuiteRunner.java:329)
	at org.testng.SuiteRunner.privateRun(SuiteRunner.java:291)
	at org.testng.SuiteRunner.run(SuiteRunner.java:240)
	at org.testng.SuiteRunnerWorker.runSuite(SuiteRunnerWorker.java:52)
	at org.testng.SuiteRunnerWorker.run(SuiteRunnerWorker.java:86)
	at org.testng.TestNG.runSuitesSequentially(TestNG.java:1224)
	at org.testng.TestNG.runSuitesLocally(TestNG.java:1149)
	at org.testng.TestNG.run(TestNG.java:1057)
	at org.testng.remote.RemoteTestNG.run(RemoteTestNG.java:111)
	at org.testng.remote.RemoteTestNG.initAndRun(RemoteTestNG.java:204)
	at org.testng.remote.RemoteTestNG.main(RemoteTestNG.java:175)
]]>
    </failure>
  </testcase> <!-- testMethodOne -->
</testsuite> <!-- Tmall_One.Get_mall.ParallelClassesTestTWO -->
